<?xml version="1.0" encoding="UTF-8"?>
<testsuite xmlns:xsi="http://www.w3.org/2001/XMLSchema-instance" xsi:noNamespaceSchemaLocation="https://maven.apache.org/surefire/maven-surefire-plugin/xsd/surefire-test-report-3.0.xsd" version="3.0" name="com.syncnote.ai.service.AiServiceTest" time="0.031" tests="7" errors="0" skipped="0" failures="0">
  <properties>
[...]
</properties>
  <testcase name="testGetAvailableModels" classname="com.syncnote.ai.service.AiServiceTest" time="0.006">
    <system-out><![CDATA[01:45:13.699 [main] INFO com.syncnote.ai.provider.impl.MockProvider -- Mock provider initialized with model: test-model
01:45:13.701 [main] INFO com.syncnote.ai.provider.ProviderRegistry -- Initialized 1 AI provider(s)
]]></system-out>
  </testcase>
  <testcase name="testProcessChatWithInvalidModelId" classname="com.syncnote.ai.service.AiServiceTest" time="0.003">
    <system-out><![CDATA[01:45:13.704 [main] INFO com.syncnote.ai.provider.impl.MockProvider -- Mock provider initialized with model: test-model
01:45:13.705 [main] INFO com.syncnote.ai.provider.ProviderRegistry -- Initialized 1 AI provider(s)
]]></system-out>
  </testcase>
  <testcase name="testProcessChatWithQaMode" classname="com.syncnote.ai.service.AiServiceTest" time="0.003">
    <system-out><![CDATA[01:45:13.708 [main] INFO com.syncnote.ai.provider.impl.MockProvider -- Mock provider initialized with model: test-model
01:45:13.708 [main] INFO com.syncnote.ai.provider.ProviderRegistry -- Initialized 1 AI provider(s)
]]></system-out>
  </testcase>
  <testcase name="testProcessChatWithInvalidMode" classname="com.syncnote.ai.service.AiServiceTest" time="0.002">
    <system-out><![CDATA[01:45:13.712 [main] INFO com.syncnote.ai.provider.impl.MockProvider -- Mock provider initialized with model: test-model
01:45:13.712 [main] INFO com.syncnote.ai.provider.ProviderRegistry -- Initialized 1 AI provider(s)
]]></system-out>
  </testcase>
  <testcase name="testProcessChatWithContinueMode" classname="com.syncnote.ai.service.AiServiceTest" time="0.004">
    <system-out><![CDATA[01:45:13.715 [main] INFO com.syncnote.ai.provider.impl.MockProvider -- Mock provider initialized with model: test-model
01:45:13.716 [main] INFO com.syncnote.ai.provider.ProviderRegistry -- Initialized 1 AI provider(s)
]]></system-out>
  </testcase>
  <testcase name="testModeAliases" classname="com.syncnote.ai.service.AiServiceTest" time="0.001">
    <system-out><![CDATA[01:45:13.722 [main] INFO com.syncnote.ai.provider.impl.MockProvider -- Mock provider initialized with model: test-model
01:45:13.722 [main] INFO com.syncnote.ai.provider.ProviderRegistry -- Initialized 1 AI provider(s)
]]></system-out>
  </testcase>
  <testcase name="testProcessChatWithPolishMode" classname="com.syncnote.ai.service.AiServiceTest" time="0.002">
    <system-out><![CDATA[01:45:13.724 [main] INFO com.syncnote.ai.provider.impl.MockProvider -- Mock provider initialized with model: test-model
01:45:13.724 [main] INFO com.syncnote.ai.provider.ProviderRegistry -- Initialized 1 AI provider(s)
]]></system-out>
  </testcase>
</testsuite>